# JRE version: Java(TM) SE Runtime Environment 18.9 (11.0.8+10) (build 11.0.8+10-LTS)
# Java VM: Java HotSpot(TM) 64-Bit Server VM 18.9 (11.0.8+10-LTS, mixed mode, tiered, compressed oops, g1 gc, bsd-amd64)
Heap:
 garbage-first heap   total 131072K, used 15617K [0x0000000780000000, 0x0000000800000000)
  region size 1024K, 4 young (4096K), 1 survivors (1024K)
 Metaspace       used 27574K, capacity 28706K, committed 28800K, reserved 1075200K
  class space    used 3454K, capacity 3953K, committed 3968K, reserved 1048576K
GC Heap History (10 events):
Event: 50364.177 GC heap before
{Heap before GC invocations=132 (full 0):
 garbage-first heap   total 131072K, used 90367K [0x0000000780000000, 0x0000000800000000)
  region size 1024K, 76 young (77824K), 1 survivors (1024K)
 Metaspace       used 27574K, capacity 28706K, committed 28800K, reserved 1075200K
  class space    used 3454K, capacity 3953K, committed 3968K, reserved 1048576K
}
Event: 50364.187 GC heap after
{Heap after GC invocations=133 (full 0):
 garbage-first heap   total 131072K, used 13571K [0x0000000780000000, 0x0000000800000000)
  region size 1024K, 1 young (1024K), 1 survivors (1024K)
 Metaspace       used 27574K, capacity 28706K, committed 28800K, reserved 1075200K
  class space    used 3454K, capacity 3953K, committed 3968K, reserved 1048576K
}
Event: 50724.971 GC heap before
{Heap before GC invocations=133 (full 0):
 garbage-first heap   total 131072K, used 90371K [0x0000000780000000, 0x0000000800000000)
  region size 1024K, 76 young (77824K), 1 survivors (1024K)
 Metaspace       used 27574K, capacity 28706K, committed 28800K, reserved 1075200K
  class space    used 3454K, capacity 3953K, committed 3968K, reserved 1048576K
}
Event: 50724.974 GC heap after
{Heap after GC invocations=134 (full 0):
 garbage-first heap   total 131072K, used 13571K [0x0000000780000000, 0x0000000800000000)
  region size 1024K, 1 young (1024K), 1 survivors (1024K)
 Metaspace       used 27574K, capacity 28706K, committed 28800K, reserved 1075200K
  class space    used 3454K, capacity 3953K, committed 3968K, reserved 1048576K
}
Event: 51087.238 GC heap before
{Heap before GC invocations=134 (full 0):
 garbage-first heap   total 131072K, used 90371K [0x0000000780000000, 0x0000000800000000)
  region size 1024K, 76 young (77824K), 1 survivors (1024K)
 Metaspace       used 27574K, capacity 28706K, committed 28800K, reserved 1075200K
  class space    used 3454K, capacity 3953K, committed 3968K, reserved 1048576K
}
Event: 51087.242 GC heap after
{Heap after GC invocations=135 (full 0):
 garbage-first heap   total 131072K, used 13569K [0x0000000780000000, 0x0000000800000000)
  region size 1024K, 1 young (1024K), 1 survivors (1024K)
 Metaspace       used 27574K, capacity 28706K, committed 28800K, reserved 1075200K
  class space    used 3454K, capacity 3953K, committed 3968K, reserved 1048576K
}
Event: 51457.340 GC heap before
{Heap before GC invocations=135 (full 0):
 garbage-first heap   total 131072K, used 90369K [0x0000000780000000, 0x0000000800000000)
  region size 1024K, 76 young (77824K), 1 survivors (1024K)
 Metaspace       used 27574K, capacity 28706K, committed 28800K, reserved 1075200K
  class space    used 3454K, capacity 3953K, committed 3968K, reserved 1048576K
}
Event: 51457.344 GC heap after
{Heap after GC invocations=136 (full 0):
 garbage-first heap   total 131072K, used 13569K [0x0000000780000000, 0x0000000800000000)
  region size 1024K, 1 young (1024K), 1 survivors (1024K)
 Metaspace       used 27574K, capacity 28706K, committed 28800K, reserved 1075200K
  class space    used 3454K, capacity 3953K, committed 3968K, reserved 1048576K
}
Event: 51856.025 GC heap before
{Heap before GC invocations=136 (full 0):
 garbage-first heap   total 131072K, used 90369K [0x0000000780000000, 0x0000000800000000)
  region size 1024K, 76 young (77824K), 1 survivors (1024K)
 Metaspace       used 27574K, capacity 28706K, committed 28800K, reserved 1075200K
  class space    used 3454K, capacity 3953K, committed 3968K, reserved 1048576K
}
Event: 51856.027 GC heap after
{Heap after GC invocations=137 (full 0):
 garbage-first heap   total 131072K, used 13569K [0x0000000780000000, 0x0000000800000000)
  region size 1024K, 1 young (1024K), 1 survivors (1024K)
 Metaspace       used 27574K, capacity 28706K, committed 28800K, reserved 1075200K
  class space    used 3454K, capacity 3953K, committed 3968K, reserved 1048576K
}

